Traceback (most recent call last):
  File "/opt/anaconda3/envs/cb1020/lib/python3.12/site-packages/jupyter_cache/executors/utils.py", line 58, in single_nb_execution
    executenb(
  File "/opt/anaconda3/envs/cb1020/lib/python3.12/site-packages/nbclient/client.py", line 1314, in execute
    return NotebookClient(nb=nb, resources=resources, km=km, **kwargs).execute()
           ^^^^^^^^^^^^^^^^^^^^^^^^^^^^^^^^^^^^^^^^^^^^^^^^^^^^^^^^^^^^^^^^^^^^^
  File "/opt/anaconda3/envs/cb1020/lib/python3.12/site-packages/jupyter_core/utils/__init__.py", line 165, in wrapped
    return loop.run_until_complete(inner)
           ^^^^^^^^^^^^^^^^^^^^^^^^^^^^^^
  File "/opt/anaconda3/envs/cb1020/lib/python3.12/asyncio/base_events.py", line 687, in run_until_complete
    return future.result()
           ^^^^^^^^^^^^^^^
  File "/opt/anaconda3/envs/cb1020/lib/python3.12/site-packages/nbclient/client.py", line 709, in async_execute
    await self.async_execute_cell(
  File "/opt/anaconda3/envs/cb1020/lib/python3.12/site-packages/nbclient/client.py", line 1062, in async_execute_cell
    await self._check_raise_for_error(cell, cell_index, exec_reply)
  File "/opt/anaconda3/envs/cb1020/lib/python3.12/site-packages/nbclient/client.py", line 918, in _check_raise_for_error
    raise CellExecutionError.from_cell_and_msg(cell, exec_reply_content)
nbclient.exceptions.CellExecutionError: An error occurred while executing the following cell:
------------------
from mesa import Agent, Model
from mesa.time import RandomActivation
from mesa.space import MultiGrid
from mesa.visualization.modules import CanvasGrid
from mesa.visualization.ModularVisualization import ModularServer
from Tumor_cells import Tumor_cells
import random
------------------


[0;31m---------------------------------------------------------------------------[0m
[0;31mModuleNotFoundError[0m                       Traceback (most recent call last)
Cell [0;32mIn[1], line 6[0m
[1;32m      4[0m [38;5;28;01mfrom[39;00m [38;5;21;01mmesa[39;00m[38;5;21;01m.[39;00m[38;5;21;01mvisualization[39;00m[38;5;21;01m.[39;00m[38;5;21;01mmodules[39;00m [38;5;28;01mimport[39;00m CanvasGrid
[1;32m      5[0m [38;5;28;01mfrom[39;00m [38;5;21;01mmesa[39;00m[38;5;21;01m.[39;00m[38;5;21;01mvisualization[39;00m[38;5;21;01m.[39;00m[38;5;21;01mModularVisualization[39;00m [38;5;28;01mimport[39;00m ModularServer
[0;32m----> 6[0m [38;5;28;01mfrom[39;00m [38;5;21;01mTumor_cells[39;00m [38;5;28;01mimport[39;00m Tumor_cells
[1;32m      7[0m [38;5;28;01mimport[39;00m [38;5;21;01mrandom[39;00m

[0;31mModuleNotFoundError[0m: No module named 'Tumor_cells'

